#
# A fatal error has been detected by the Java Runtime Environment:
#
#  EXCEPTION_ACCESS_VIOLATION (0xc0000005) at pc=0x000000006a1c76a9, pid=6924, tid=1692
#
# JRE version: 7.0_07-b11
# Java VM: Java HotSpot(TM) 64-Bit Server VM (23.3-b01 mixed mode windows-amd64 compressed oops)
# Problematic frame:
# V  [jvm.dll+0xf76a9]
#
# Failed to write core dump. Minidumps are not enabled by default on client versions of Windows
#
# If you would like to submit a bug report, please visit:
#   http://bugreport.sun.com/bugreport/crash.jsp
#

---------------  T H R E A D  ---------------

Current thread (0x000000000a7a6000):  JavaThread "AWT-EventQueue-0" [_thread_in_vm, id=1692, stack(0x000000000b970000,0x000000000ba70000)]

siginfo: ExceptionCode=0xc0000005, reading address 0x0000000000000000

Registers:
RAX=0x0000000000000000, RBX=0x000000000a7a6000, RCX=0x0000000000000600, RDX=0x0000000000000000
RSP=0x000000000ba6ce80, RBP=0x000000000ba6cff8, RSI=0x0000000000000000, RDI=0x0000000000000000
R8 =0x0000000000000000, R9 =0x00000000eb5b3de0, R10=0x000000000000000c, R11=0x000000006a77cab8
R12=0x0000000000328e48, R13=0x00000000bcce6148, R14=0x000000000ba6cff8, R15=0x000000000a7a6000
RIP=0x000000006a1c76a9, EFLAGS=0x0000000000010246

Top of Stack: (sp=0x000000000ba6ce80)
0x000000000ba6ce80:   0000000000000000 000000000a7a6000
0x000000000ba6ce90:   000000000ba6cf20 000000006a25b7d4
0x000000000ba6cea0:   000000000a7a6000 0000000000000000
0x000000000ba6ceb0:   000000000ba6cfd0 0000000000000000
0x000000000ba6cec0:   00000000bcce6148 0000000000328e48
0x000000000ba6ced0:   0000000001ff64f0 000000006a8c2150
0x000000000ba6cee0:   000000000a7a61d8 000000000ba6cff8
0x000000000ba6cef0:   0000000000000000 00000000085d2848
0x000000000ba6cf00:   00000000bd3fa468 0000000001ff64f0
0x000000000ba6cf10:   00000000bcce6150 0000000002002c30
0x000000000ba6cf20:   00000000bcce6150 00000000bd3fa468
0x000000000ba6cf30:   0000000001ff64f0 000000000ba6cfd0
0x000000000ba6cf40:   0000000000000000 0000000002002da3
0x000000000ba6cf50:   000000050000000e 00000000bcce1295
0x000000000ba6cf60:   00000004000000b6 00000000085d2848
0x000000000ba6cf70:   0000000008627ba8 000000000a7a6000 

Instructions: (pc=0x000000006a1c76a9)
0x000000006a1c7689:   00 48 83 7b 08 00 48 89 5c 24 20 48 c7 44 24 28
0x000000006a1c7699:   00 00 00 00 74 0a 48 8d 4c 24 20 e8 57 9b 10 00
0x000000006a1c76a9:   48 8b 36 48 8b ce e8 bc 17 f4 ff 4c 63 e0 49 8d
0x000000006a1c76b9:   4c 24 01 e8 6f eb 0b 00 48 8b e8 48 85 c0 75 20 


Register to memory mapping:

RAX=0x0000000000000000 is an unknown value
RBX=0x000000000a7a6000 is a thread
RCX=0x0000000000000600 is an unknown value
RDX=0x0000000000000000 is an unknown value
RSP=0x000000000ba6ce80 is pointing into the stack for thread: 0x000000000a7a6000
RBP=0x000000000ba6cff8 is pointing into the stack for thread: 0x000000000a7a6000
RSI=0x0000000000000000 is an unknown value
RDI=0x0000000000000000 is an unknown value
R8 =0x0000000000000000 is an unknown value
R9 =0x00000000eb5b3de0 is an oop
org.sqlite.core.NativeDB 
 - klass: 'org/sqlite/core/NativeDB'
R10=0x000000000000000c is an unknown value
R11=0x000000006a77cab8 is an unknown value
R12=0x0000000000328e48 is an unknown value
R13=0x00000000bcce6148 is an oop
{constMethod} 
 - klass: {other class}
 - method:       0x00000000bcce6150 {method} 'prepare' '(Ljava/lang/String;)J' in 'org/sqlite/core/NativeDB'
 - exceptions:   0x00000000bca01d50
R14=0x000000000ba6cff8 is pointing into the stack for thread: 0x000000000a7a6000
R15=0x000000000a7a6000 is a thread


Stack: [0x000000000b970000,0x000000000ba70000],  sp=0x000000000ba6ce80,  free space=1011k
Native frames: (J=compiled Java code, j=interpreted, Vv=VM code, C=native code)
V  [jvm.dll+0xf76a9]

Java frames: (J=compiled Java code, j=interpreted, Vv=VM code)
j  org.sqlite.core.NativeDB.prepare(Ljava/lang/String;)J+0
j  org.sqlite.core.DB.prepare(Lorg/sqlite/core/CoreStatement;)V+21
j  org.sqlite.jdbc3.JDBC3Statement.executeQuery(Ljava/lang/String;)Ljava/sql/ResultSet;+14
j  com.group09.database.Database.query(Ljava/lang/String;)Ljava/sql/ResultSet;+7
j  com.group09.gui.Window.actionPerformed(Ljava/awt/event/ActionEvent;)V+26
j  javax.swing.AbstractButton.fireActionPerformed(Ljava/awt/event/ActionEvent;)V+84
j  javax.swing.AbstractButton$Handler.actionPerformed(Ljava/awt/event/ActionEvent;)V+5
j  javax.swing.DefaultButtonModel.fireActionPerformed(Ljava/awt/event/ActionEvent;)V+35
j  javax.swing.DefaultButtonModel.setPressed(Z)V+117
j  javax.swing.plaf.basic.BasicButtonListener.mouseReleased(Ljava/awt/event/MouseEvent;)V+35
j  java.awt.AWTEventMulticaster.mouseReleased(Ljava/awt/event/MouseEvent;)V+8
j  java.awt.Component.processMouseEvent(Ljava/awt/event/MouseEvent;)V+64
j  javax.swing.JComponent.processMouseEvent(Ljava/awt/event/MouseEvent;)V+23
j  java.awt.Component.processEvent(Ljava/awt/AWTEvent;)V+81
j  java.awt.Container.processEvent(Ljava/awt/AWTEvent;)V+18
j  java.awt.Component.dispatchEventImpl(Ljava/awt/AWTEvent;)V+581
j  java.awt.Container.dispatchEventImpl(Ljava/awt/AWTEvent;)V+42
j  java.awt.Component.dispatchEvent(Ljava/awt/AWTEvent;)V+2
j  java.awt.LightweightDispatcher.retargetMouseEvent(Ljava/awt/Component;ILjava/awt/event/MouseEvent;)V+327
j  java.awt.LightweightDispatcher.processMouseEvent(Ljava/awt/event/MouseEvent;)Z+139
j  java.awt.LightweightDispatcher.dispatchEvent(Ljava/awt/AWTEvent;)Z+50
j  java.awt.Container.dispatchEventImpl(Ljava/awt/AWTEvent;)V+12
j  java.awt.Window.dispatchEventImpl(Ljava/awt/AWTEvent;)V+19
j  java.awt.Component.dispatchEvent(Ljava/awt/AWTEvent;)V+2
j  java.awt.EventQueue.dispatchEventImpl(Ljava/awt/AWTEvent;Ljava/lang/Object;)V+41
j  java.awt.EventQueue.access$200(Ljava/awt/EventQueue;Ljava/awt/AWTEvent;Ljava/lang/Object;)V+3
j  java.awt.EventQueue$3.run()Ljava/lang/Void;+12
j  java.awt.EventQueue$3.run()Ljava/lang/Object;+1
v  ~StubRoutines::call_stub
j  java.security.AccessController.doPrivileged(Ljava/security/PrivilegedAction;Ljava/security/AccessControlContext;)Ljava/lang/Object;+0
j  java.security.ProtectionDomain$1.doIntersectionPrivilege(Ljava/security/PrivilegedAction;Ljava/security/AccessControlContext;Ljava/security/AccessControlContext;)Ljava/lang/Object;+28
j  java.security.ProtectionDomain$1.doIntersectionPrivilege(Ljava/security/PrivilegedAction;Ljava/security/AccessControlContext;)Ljava/lang/Object;+6
j  java.awt.EventQueue$4.run()Ljava/lang/Void;+11
j  java.awt.EventQueue$4.run()Ljava/lang/Object;+1
v  ~StubRoutines::call_stub
j  java.security.AccessController.doPrivileged(Ljava/security/PrivilegedAction;Ljava/security/AccessControlContext;)Ljava/lang/Object;+0
j  java.security.ProtectionDomain$1.doIntersectionPrivilege(Ljava/security/PrivilegedAction;Ljava/security/AccessControlContext;Ljava/security/AccessControlContext;)Ljava/lang/Object;+28
j  java.awt.EventQueue.dispatchEvent(Ljava/awt/AWTEvent;)V+73
j  java.awt.EventDispatchThread.pumpOneEventForFilters(I)V+245
j  java.awt.EventDispatchThread.pumpEventsForFilter(ILjava/awt/Conditional;Ljava/awt/EventFilter;)V+48
j  java.awt.EventDispatchThread.pumpEventsForHierarchy(ILjava/awt/Conditional;Ljava/awt/Component;)V+11
j  java.awt.EventDispatchThread.pumpEvents(ILjava/awt/Conditional;)V+4
j  java.awt.EventDispatchThread.pumpEvents(Ljava/awt/Conditional;)V+3
j  java.awt.EventDispatchThread.run()V+9
v  ~StubRoutines::call_stub

---------------  P R O C E S S  ---------------

Java Threads: ( => current thread )
  0x000000000ae7c000 JavaThread "TimerQueue" daemon [_thread_blocked, id=6508, stack(0x000000000cf00000,0x000000000d000000)]
  0x0000000001c9d000 JavaThread "DestroyJavaVM" [_thread_blocked, id=6408, stack(0x0000000001ef0000,0x0000000001ff0000)]
=>0x000000000a7a6000 JavaThread "AWT-EventQueue-0" [_thread_in_vm, id=1692, stack(0x000000000b970000,0x000000000ba70000)]
  0x000000000a7e2000 JavaThread "AWT-Windows" daemon [_thread_in_native, id=4972, stack(0x000000000b820000,0x000000000b920000)]
  0x000000000a65d800 JavaThread "AWT-Shutdown" [_thread_blocked, id=4576, stack(0x000000000b5d0000,0x000000000b6d0000)]
  0x000000000a65c800 JavaThread "Java2D Disposer" daemon [_thread_blocked, id=2964, stack(0x000000000abd0000,0x000000000acd0000)]
  0x00000000085e1000 JavaThread "Service Thread" daemon [_thread_blocked, id=6896, stack(0x000000000a1f0000,0x000000000a2f0000)]
  0x00000000085e0000 JavaThread "C2 CompilerThread1" daemon [_thread_blocked, id=4468, stack(0x000000000a010000,0x000000000a110000)]
  0x00000000085da800 JavaThread "C2 CompilerThread0" daemon [_thread_blocked, id=5212, stack(0x0000000009e40000,0x0000000009f40000)]
  0x00000000085d5800 JavaThread "Attach Listener" daemon [_thread_blocked, id=5856, stack(0x0000000009d40000,0x0000000009e40000)]
  0x00000000085ce000 JavaThread "Signal Dispatcher" daemon [_thread_blocked, id=6432, stack(0x0000000009b40000,0x0000000009c40000)]
  0x0000000001dd6000 JavaThread "Finalizer" daemon [_thread_blocked, id=6704, stack(0x00000000097e0000,0x00000000098e0000)]
  0x0000000001dcf000 JavaThread "Reference Handler" daemon [_thread_blocked, id=1472, stack(0x00000000098e0000,0x00000000099e0000)]

Other Threads:
  0x0000000008552800 VMThread [stack: 0x0000000009620000,0x0000000009720000] [id=5024]
  0x00000000085f3800 WatcherThread [stack: 0x000000000a380000,0x000000000a480000] [id=1720]

VM state:not at safepoint (normal execution)

VM Mutex/Monitor currently owned by a thread: None

Heap
 PSYoungGen      total 18624K, used 9887K [0x00000000eb400000, 0x00000000ec8c0000, 0x0000000100000000)
  eden space 16000K, 61% used [0x00000000eb400000,0x00000000ebda7dd0,0x00000000ec3a0000)
  from space 2624K, 0% used [0x00000000ec630000,0x00000000ec630000,0x00000000ec8c0000)
  to   space 2624K, 0% used [0x00000000ec3a0000,0x00000000ec3a0000,0x00000000ec630000)
 ParOldGen       total 42496K, used 0K [0x00000000c1c00000, 0x00000000c4580000, 0x00000000eb400000)
  object space 42496K, 0% used [0x00000000c1c00000,0x00000000c1c00000,0x00000000c4580000)
 PSPermGen       total 21248K, used 13019K [0x00000000bca00000, 0x00000000bdec0000, 0x00000000c1c00000)
  object space 21248K, 61% used [0x00000000bca00000,0x00000000bd6b6f90,0x00000000bdec0000)

Card table byte_map: [0x0000000004ff0000,0x0000000005210000] byte_map_base: 0x0000000004a0b000

Polling page: 0x0000000000090000

Code Cache  [0x0000000001ff0000, 0x0000000002260000, 0x0000000004ff0000)
 total_blobs=501 nmethods=60 adapters=392 free_code_cache=48537Kb largest_free_block=49684416

Compilation events (10 events):
Event: 5.832 Thread 0x00000000085e0000 nmethod 53 0x0000000002083b50 code [0x0000000002083cc0, 0x0000000002083dd8]
Event: 6.074 Thread 0x00000000085da800   54   !         sun.awt.AppContext::get (121 bytes)
Event: 6.081 Thread 0x00000000085da800 nmethod 54 0x00000000020898d0 code [0x0000000002089a40, 0x000000000208a2a8]
Event: 7.028 Thread 0x00000000085e0000   55             java.util.concurrent.locks.AbstractOwnableSynchronizer::setExclusiveOwnerThread (6 bytes)
Event: 7.028 Thread 0x00000000085e0000 nmethod 55 0x000000000208ae90 code [0x000000000208afc0, 0x000000000208b018]
Event: 7.363 Thread 0x00000000085da800   56             java.util.ArrayList::size (5 bytes)
Event: 7.363 Thread 0x00000000085da800 nmethod 56 0x000000000208ac90 code [0x000000000208adc0, 0x000000000208ae18]
Event: 7.474 Thread 0x00000000085e0000   57             java.lang.String::getChars (62 bytes)
Event: 7.475 Thread 0x00000000085e0000 nmethod 57 0x000000000208a850 code [0x000000000208a9a0, 0x000000000208aab8]
Event: 8.328 Thread 0x00000000085da800   58             java.lang.StringBuilder::append (8 bytes)

GC Heap History (0 events):
No events

Deoptimization events (7 events):
Event: 0.422 Thread 0x0000000001c9d000 Uncommon trap 16 fr.pc 0x00000000020605ec
Event: 0.423 Thread 0x0000000001c9d000 Uncommon trap -83 fr.pc 0x000000000205b16c
Event: 0.529 Thread 0x0000000001c9d000 Uncommon trap -34 fr.pc 0x00000000020570a0
Event: 0.945 Thread 0x000000000a7a6000 Uncommon trap -34 fr.pc 0x00000000020720c4
Event: 0.945 Thread 0x000000000a7a6000 Uncommon trap -34 fr.pc 0x00000000020720c4
Event: 0.945 Thread 0x000000000a7a6000 Uncommon trap -34 fr.pc 0x00000000020720c4
Event: 0.958 Thread 0x000000000a7a6000 Uncommon trap -34 fr.pc 0x00000000020720c4

Internal exceptions (10 events):
Event: 0.481 Thread 0x0000000001c9d000 Threw 0x00000000eb5c2c88 at C:\jdk7u1_64p\jdk7u7\hotspot\src\share\vm\prims\jvm.cpp:1166
Event: 0.482 Thread 0x0000000001c9d000 Threw 0x00000000eb5c7788 at C:\jdk7u1_64p\jdk7u7\hotspot\src\share\vm\prims\jvm.cpp:1166
Event: 0.483 Thread 0x0000000001c9d000 Threw 0x00000000eb5cbd10 at C:\jdk7u1_64p\jdk7u7\hotspot\src\share\vm\prims\jvm.cpp:1166
Event: 0.485 Thread 0x0000000001c9d000 Threw 0x00000000eb5dd670 at C:\jdk7u1_64p\jdk7u7\hotspot\src\share\vm\prims\jvm.cpp:1166
Event: 0.491 Thread 0x0000000001c9d000 Threw 0x00000000eb5f2a68 at C:\jdk7u1_64p\jdk7u7\hotspot\src\share\vm\prims\jvm.cpp:1166
Event: 0.529 Thread 0x0000000001c9d000 Threw 0x00000000eb5fead0 at C:\jdk7u1_64p\jdk7u7\hotspot\src\share\vm\prims\jni.cpp:716
Event: 0.582 Thread 0x0000000001c9d000 Threw 0x00000000eb61c358 at C:\jdk7u1_64p\jdk7u7\hotspot\src\share\vm\prims\jni.cpp:716
Event: 0.738 Thread 0x0000000001c9d000 Threw 0x00000000eb72dd60 at C:\jdk7u1_64p\jdk7u7\hotspot\src\share\vm\prims\jvm.cpp:1166
Event: 0.867 Thread 0x0000000001c9d000 Threw 0x00000000eb7f75b0 at C:\jdk7u1_64p\jdk7u7\hotspot\src\share\vm\prims\jvm.cpp:1166
Event: 0.908 Thread 0x0000000001c9d000 Threw 0x00000000eb820670 at C:\jdk7u1_64p\jdk7u7\hotspot\src\share\vm\prims\jvm.cpp:1166

Events (10 events):
Event: 3.915 loading class 0x000000000a7853e0
Event: 3.916 loading class 0x000000000a7853e0 done
Event: 4.128 Executing VM operation: EnableBiasedLocking
Event: 4.128 Executing VM operation: EnableBiasedLocking done
Event: 5.590 loading class 0x000000000a70f340
Event: 5.590 loading class 0x000000000a70f340 done
Event: 8.328 loading class 0x000000000a629570
Event: 8.329 loading class 0x000000000a629570 done
Event: 8.330 loading class 0x000000000a685510
Event: 8.330 loading class 0x000000000a685510 done


Dynamic libraries:
0x000000013f070000 - 0x000000013f0a4000 	C:\Program Files\Java\jre7\bin\javaw.exe
0x00000000777b0000 - 0x0000000077959000 	C:\Windows\SYSTEM32\ntdll.dll
0x0000000077690000 - 0x00000000777af000 	C:\Windows\system32\kernel32.dll
0x000007fefda00000 - 0x000007fefda6b000 	C:\Windows\system32\KERNELBASE.dll
0x000007fefdad0000 - 0x000007fefdbab000 	C:\Windows\system32\ADVAPI32.dll
0x000007fefdf00000 - 0x000007fefdf9f000 	C:\Windows\system32\msvcrt.dll
0x000007fefdee0000 - 0x000007fefdeff000 	C:\Windows\SYSTEM32\sechost.dll
0x000007fefe030000 - 0x000007fefe15d000 	C:\Windows\system32\RPCRT4.dll
0x0000000077590000 - 0x000000007768a000 	C:\Windows\system32\USER32.dll
0x000007fefdfa0000 - 0x000007fefe007000 	C:\Windows\system32\GDI32.dll
0x000007fefe020000 - 0x000007fefe02e000 	C:\Windows\system32\LPK.dll
0x000007fefe160000 - 0x000007fefe229000 	C:\Windows\system32\USP10.dll
0x000007fefbd90000 - 0x000007fefbf84000 	C:\Windows\WinSxS\amd64_microsoft.windows.common-controls_6595b64144ccf1df_6.0.7601.17514_none_fa396087175ac9ac\COMCTL32.dll
0x000007fefe820000 - 0x000007fefe891000 	C:\Windows\system32\SHLWAPI.dll
0x000007fefea10000 - 0x000007fefea3e000 	C:\Windows\system32\IMM32.DLL
0x000007fefeb40000 - 0x000007fefec49000 	C:\Windows\system32\MSCTF.dll
0x0000000073cb0000 - 0x0000000073d81000 	C:\Program Files\Java\jre7\bin\msvcr100.dll
0x000000006a0d0000 - 0x000000006a7ef000 	C:\Program Files\Java\jre7\bin\server\jvm.dll
0x000007fef92f0000 - 0x000007fef92f9000 	C:\Windows\system32\WSOCK32.dll
0x000007fefe9c0000 - 0x000007fefea0d000 	C:\Windows\system32\WS2_32.dll
0x000007fefe010000 - 0x000007fefe018000 	C:\Windows\system32\NSI.dll
0x000007fef9bc0000 - 0x000007fef9bfb000 	C:\Windows\system32\WINMM.dll
0x0000000077970000 - 0x0000000077977000 	C:\Windows\system32\PSAPI.DLL
0x0000000074dc0000 - 0x0000000074dcf000 	C:\Program Files\Java\jre7\bin\verify.dll
0x0000000073c80000 - 0x0000000073ca8000 	C:\Program Files\Java\jre7\bin\java.dll
0x0000000074b00000 - 0x0000000074b15000 	C:\Program Files\Java\jre7\bin\zip.dll
0x0000000073c60000 - 0x0000000073c79000 	C:\Program Files\Java\jre7\bin\net.dll
0x000007fefcf70000 - 0x000007fefcfc5000 	C:\Windows\system32\mswsock.dll
0x000007fefcf60000 - 0x000007fefcf67000 	C:\Windows\System32\wship6.dll
0x0000000073c40000 - 0x0000000073c51000 	C:\Program Files\Java\jre7\bin\nio.dll
0x000000006a8c0000 - 0x000000006a976000 	C:\Users\Philippe Heer\AppData\Local\Temp\sqlite-3.8.2-amd64-sqlitejdbc.dll
0x000000006b100000 - 0x000000006b293000 	C:\Program Files\Java\jre7\bin\awt.dll
0x000007fefec50000 - 0x000007fefed27000 	C:\Windows\system32\OLEAUT32.dll
0x000007fefe490000 - 0x000007fefe693000 	C:\Windows\system32\ole32.dll
0x000007fefb5f0000 - 0x000007fefb608000 	C:\Windows\system32\DWMAPI.DLL
0x000007fefc010000 - 0x000007fefc066000 	C:\Windows\system32\uxtheme.dll
0x000007fefd630000 - 0x000007fefd63f000 	C:\Windows\system32\CRYPTBASE.dll
0x000007fefed30000 - 0x000007feffab8000 	C:\Windows\system32\SHELL32.dll
0x000000006c140000 - 0x000000006c174000 	C:\Program Files\Java\jre7\bin\fontmanager.dll
0x000007fefe8a0000 - 0x000007fefe939000 	C:\Windows\system32\CLBCatQ.DLL
0x000000006c070000 - 0x000000006c0b1000 	C:\Program Files\Java\jre7\bin\t2k.dll
0x000007fefa0c0000 - 0x000007fefa160000 	C:\Windows\WinSxS\amd64_microsoft.windows.common-controls_6595b64144ccf1df_5.82.7601.18201_none_a4d3b9377117c3df\comctl32.dll
0x000007fefb3c0000 - 0x000007fefb4ea000 	C:\Windows\system32\WindowsCodecs.dll
0x000007fefd5d0000 - 0x000007fefd627000 	C:\Windows\system32\apphelp.dll
0x000007fef6350000 - 0x000007fef637b000 	C:\Users\Philippe Heer\AppData\Roaming\Dropbox\bin\DropboxExt64.22.dll
0x000007fef6220000 - 0x000007fef6345000 	C:\Windows\system32\dbghelp.dll
0x00000000707a0000 - 0x0000000070873000 	C:\Windows\WinSxS\amd64_microsoft.vc90.crt_1fc8b3b9a1e18e3b_9.0.30729.6161_none_08e61857a83bc251\MSVCP90.dll
0x00000000706f0000 - 0x0000000070793000 	C:\Windows\WinSxS\amd64_microsoft.vc90.crt_1fc8b3b9a1e18e3b_9.0.30729.6161_none_08e61857a83bc251\MSVCR90.dll
0x000007fef6180000 - 0x000007fef61b5000 	C:\Windows\system32\EhStorShell.dll
0x000007fefdbb0000 - 0x000007fefdd87000 	C:\Windows\system32\SETUPAPI.dll
0x000007fefd9c0000 - 0x000007fefd9f6000 	C:\Windows\system32\CFGMGR32.dll
0x000007fefdab0000 - 0x000007fefdaca000 	C:\Windows\system32\DEVOBJ.dll
0x000007fefc370000 - 0x000007fefc49c000 	C:\Windows\system32\PROPSYS.dll
0x000007fef6100000 - 0x000007fef617e000 	C:\Windows\System32\cscui.dll
0x000007fef60f0000 - 0x000007fef60fc000 	C:\Windows\System32\CSCDLL.dll
0x000007fef7d90000 - 0x000007fef7d9f000 	C:\Windows\system32\CSCAPI.dll
0x000007fef6070000 - 0x000007fef60f0000 	C:\Windows\system32\ntshrui.dll
0x000007fefd250000 - 0x000007fefd273000 	C:\Windows\system32\srvcli.dll
0x000007fefb710000 - 0x000007fefb71b000 	C:\Windows\system32\slc.dll

VM Arguments:
jvm_args: -Dfile.encoding=Cp1252 
java_command: com.group09.main.Main
Launcher Type: SUN_STANDARD

Environment Variables:
JAVA_HOME=C:\Program Files\Java\jdk1.7.0_07
CLASSPATH=.;C:\Program Files (x86)\Java\jre7\lib\ext\QTJava.zip
PATH=C:\Program Files\Common Files\Microsoft Shared\Windows Live;C:\Program Files (x86)\Common Files\Microsoft Shared\Windows Live;C:\Windows\system32;C:\Windows;C:\Windows\System32\Wbem;C:\Windows\System32\WindowsPowerShell\v1.0\;C:\Program Files\Intel\WiFi\bin\;C:\Program Files\Common Files\Intel\WirelessCommon\;C:\Program Files (x86)\Intel\OpenCL SDK\2.0\bin\x86;C:\Program Files (x86)\Intel\OpenCL SDK\2.0\bin\x64;C:\Program Files (x86)\sbt\;C:\Program Files (x86)\Windows Live\Shared;C:\Program Files\Java\jdk1.7.0_07\bin;C:\Program Files (x86)\QuickTime\QTSystem\;c:\Program Files (x86)\Microsoft SQL Server\90\Tools\binn\;C:\Program Files\MATLAB\R2013b\bin;C:\Program Files (x86)\Intel\OpenCL SDK\2.0\bin\x86;C:\Program Files (x86)\Intel\OpenCL SDK\2.0\bin\x64;C:\Microchip\xc16\v1.21\bin;C:\Program Files\Intel\WiFi\bin\;C:\Program Files\Common Files\Intel\WirelessCommon\;C:\Program Files\Java\jdk1.7.0_07\bin\;c:\altera\12.0\modelsim_ase\win32aloem\;C:\Program Files (x86)\apache-ant-1.9.0\bin\;C:\MinGW\bin;C:\Program Files\Python33
USERNAME=Philippe Heer
OS=Windows_NT
PROCESSOR_IDENTIFIER=Intel64 Family 6 Model 58 Stepping 9, GenuineIntel



---------------  S Y S T E M  ---------------

OS: Windows 7 , 64 bit Build 7601 Service Pack 1

CPU:total 4 (2 cores per cpu, 2 threads per core) family 6 model 58 stepping 9, cmov, cx8, fxsr, mmx, sse, sse2, sse3, ssse3, sse4.1, sse4.2, popcnt, avx, ht, tsc, tscinvbit, tscinv

Memory: 4k page, physical 4077544k(759188k free), swap 6172832k(2149024k free)

vm_info: Java HotSpot(TM) 64-Bit Server VM (23.3-b01) for windows-amd64 JRE (1.7.0_07-b11), built on Sep  7 2012 01:19:25 by "java_re" with unknown MS VC++:1600

time: Wed May 07 13:00:19 2014
elapsed time: 8 seconds

